{
  "stats": {
    "suites": 1,
    "tests": 1,
    "passes": 1,
    "pending": 0,
    "failures": 0,
    "start": "2021-08-01T08:24:57.773Z",
    "end": "2021-08-01T08:25:21.910Z",
    "duration": 24137,
    "testsRegistered": 1,
    "passPercent": 100,
    "pendingPercent": 0,
    "other": 0,
    "hasOther": false,
    "skipped": 0,
    "hasSkipped": false
  },
  "results": [
    {
      "uuid": "0f8f2db6-6a00-42d3-aa32-08cc5c4cab0e",
      "title": "",
      "fullFile": "cypress/integration/tests/testAngularPracticeShop.js",
      "file": "cypress/integration/tests/testAngularPracticeShop.js",
      "beforeHooks": [],
      "afterHooks": [],
      "tests": [],
      "suites": [
        {
          "uuid": "7342f49d-bf4d-4929-969c-96c87c220d2a",
          "title": "My first test suite",
          "fullFile": "",
          "file": "",
          "beforeHooks": [],
          "afterHooks": [],
          "tests": [
            {
              "title": "Test Shop Page Interact",
              "fullTitle": "My first test suite Test Shop Page Interact",
              "timedOut": null,
              "duration": 17184,
              "state": "passed",
              "speed": "slow",
              "pass": true,
              "fail": false,
              "pending": false,
              "context": null,
              "code": "homePage.clickShoptab();\nshopPage.addMultipleProducts(studentData.productName);\nshopPage.clickCheckOutButton();\nproductPage.clickCheckOutButton();\nchooseDeliveryLocationPage.checkOnAgreeCheckbox();\nchooseDeliveryLocationPage.typeCountryValue(studentData.deliveryLocation);\nchooseDeliveryLocationPage.clickPurchaseButton();\nchooseDeliveryLocationPage.validateSuccessMessageShouldBeDisplayed(_Messages.Messages.PURCHASE_SUCCESS);",
              "err": {},
              "uuid": "703354f6-e076-48da-a5e0-69abfb673cc1",
              "parentUUID": "7342f49d-bf4d-4929-969c-96c87c220d2a",
              "isHook": false,
              "skipped": false
            }
          ],
          "suites": [],
          "passes": [
            "703354f6-e076-48da-a5e0-69abfb673cc1"
          ],
          "failures": [],
          "pending": [],
          "skipped": [],
          "duration": 17184,
          "root": false,
          "rootEmpty": false,
          "_timeout": 2000
        }
      ],
      "passes": [],
      "failures": [],
      "pending": [],
      "skipped": [],
      "duration": 0,
      "root": true,
      "rootEmpty": true,
      "_timeout": 2000
    }
  ],
  "meta": {
    "mocha": {
      "version": "7.0.1"
    },
    "mochawesome": {
      "options": {
        "quiet": false,
        "reportFilename": "mochawesome",
        "saveHtml": true,
        "saveJson": true,
        "consoleReporter": "spec",
        "useInlineDiffs": false,
        "code": true
      },
      "version": "6.2.2"
    },
    "marge": {
      "options": null,
      "version": "5.2.0"
    }
  }
}